<?xml version="1.0" encoding="UTF-8"?>
<testsuite xmlns:xsi="http://www.w3.org/2001/XMLSchema-instance" xsi:noNamespaceSchemaLocation="https://maven.apache.org/surefire/maven-surefire-plugin/xsd/surefire-test-report.xsd" name="com.ibm.upskill.microcervices.currencyexchangeservice.CurrencyExchangeServiceApplicationTests" time="60.426" tests="1" errors="0" skipped="0" failures="0">
  <properties>
    <property name="sun.desktop" value="windows"/>
    <property name="awt.toolkit" value="sun.awt.windows.WToolkit"/>
    <property name="file.encoding.pkg" value="sun.io"/>
    <property name="java.specification.version" value="1.8"/>
    <property name="sun.cpu.isalist" value="amd64"/>
    <property name="sun.jnu.encoding" value="Cp1252"/>
    <property name="java.class.path" value="C:\Microservice_Workspace\currency-exchange-service\target\test-classes;C:\Microservice_Workspace\currency-exchange-service\target\classes;C:\Users\GangaRajuUdimudi\.m2\repository\org\springframework\boot\spring-boot-starter-actuator\2.2.1.RELEASE\spring-boot-starter-actuator-2.2.1.RELEASE.jar;C:\Users\GangaRajuUdimudi\.m2\repository\org\springframework\boot\spring-boot-starter\2.2.1.RELEASE\spring-boot-starter-2.2.1.RELEASE.jar;C:\Users\GangaRajuUdimudi\.m2\repository\org\springframework\boot\spring-boot-starter-logging\2.2.1.RELEASE\spring-boot-starter-logging-2.2.1.RELEASE.jar;C:\Users\GangaRajuUdimudi\.m2\repository\ch\qos\logback\logback-classic\1.2.3\logback-classic-1.2.3.jar;C:\Users\GangaRajuUdimudi\.m2\repository\ch\qos\logback\logback-core\1.2.3\logback-core-1.2.3.jar;C:\Users\GangaRajuUdimudi\.m2\repository\org\apache\logging\log4j\log4j-to-slf4j\2.12.1\log4j-to-slf4j-2.12.1.jar;C:\Users\GangaRajuUdimudi\.m2\repository\org\apache\logging\log4j\log4j-api\2.12.1\log4j-api-2.12.1.jar;C:\Users\GangaRajuUdimudi\.m2\repository\org\slf4j\jul-to-slf4j\1.7.29\jul-to-slf4j-1.7.29.jar;C:\Users\GangaRajuUdimudi\.m2\repository\jakarta\annotation\jakarta.annotation-api\1.3.5\jakarta.annotation-api-1.3.5.jar;C:\Users\GangaRajuUdimudi\.m2\repository\org\yaml\snakeyaml\1.25\snakeyaml-1.25.jar;C:\Users\GangaRajuUdimudi\.m2\repository\org\springframework\boot\spring-boot-actuator-autoconfigure\2.2.1.RELEASE\spring-boot-actuator-autoconfigure-2.2.1.RELEASE.jar;C:\Users\GangaRajuUdimudi\.m2\repository\org\springframework\boot\spring-boot-actuator\2.2.1.RELEASE\spring-boot-actuator-2.2.1.RELEASE.jar;C:\Users\GangaRajuUdimudi\.m2\repository\org\springframework\spring-context\5.2.1.RELEASE\spring-context-5.2.1.RELEASE.jar;C:\Users\GangaRajuUdimudi\.m2\repository\com\fasterxml\jackson\datatype\jackson-datatype-jsr310\2.10.0\jackson-datatype-jsr310-2.10.0.jar;C:\Users\GangaRajuUdimudi\.m2\repository\io\micrometer\micrometer-core\1.3.1\micrometer-core-1.3.1.jar;C:\Users\GangaRajuUdimudi\.m2\repository\org\hdrhistogram\HdrHistogram\2.1.11\HdrHistogram-2.1.11.jar;C:\Users\GangaRajuUdimudi\.m2\repository\org\latencyutils\LatencyUtils\2.0.3\LatencyUtils-2.0.3.jar;C:\Users\GangaRajuUdimudi\.m2\repository\org\springframework\boot\spring-boot-starter-web\2.2.1.RELEASE\spring-boot-starter-web-2.2.1.RELEASE.jar;C:\Users\GangaRajuUdimudi\.m2\repository\org\springframework\boot\spring-boot-starter-json\2.2.1.RELEASE\spring-boot-starter-json-2.2.1.RELEASE.jar;C:\Users\GangaRajuUdimudi\.m2\repository\com\fasterxml\jackson\datatype\jackson-datatype-jdk8\2.10.0\jackson-datatype-jdk8-2.10.0.jar;C:\Users\GangaRajuUdimudi\.m2\repository\com\fasterxml\jackson\module\jackson-module-parameter-names\2.10.0\jackson-module-parameter-names-2.10.0.jar;C:\Users\GangaRajuUdimudi\.m2\repository\org\springframework\boot\spring-boot-starter-tomcat\2.2.1.RELEASE\spring-boot-starter-tomcat-2.2.1.RELEASE.jar;C:\Users\GangaRajuUdimudi\.m2\repository\org\apache\tomcat\embed\tomcat-embed-core\9.0.27\tomcat-embed-core-9.0.27.jar;C:\Users\GangaRajuUdimudi\.m2\repository\org\apache\tomcat\embed\tomcat-embed-el\9.0.27\tomcat-embed-el-9.0.27.jar;C:\Users\GangaRajuUdimudi\.m2\repository\org\apache\tomcat\embed\tomcat-embed-websocket\9.0.27\tomcat-embed-websocket-9.0.27.jar;C:\Users\GangaRajuUdimudi\.m2\repository\org\springframework\boot\spring-boot-starter-validation\2.2.1.RELEASE\spring-boot-starter-validation-2.2.1.RELEASE.jar;C:\Users\GangaRajuUdimudi\.m2\repository\jakarta\validation\jakarta.validation-api\2.0.1\jakarta.validation-api-2.0.1.jar;C:\Users\GangaRajuUdimudi\.m2\repository\org\hibernate\validator\hibernate-validator\6.0.18.Final\hibernate-validator-6.0.18.Final.jar;C:\Users\GangaRajuUdimudi\.m2\repository\org\springframework\spring-web\5.2.1.RELEASE\spring-web-5.2.1.RELEASE.jar;C:\Users\GangaRajuUdimudi\.m2\repository\org\springframework\spring-beans\5.2.1.RELEASE\spring-beans-5.2.1.RELEASE.jar;C:\Users\GangaRajuUdimudi\.m2\repository\org\springframework\spring-webmvc\5.2.1.RELEASE\spring-webmvc-5.2.1.RELEASE.jar;C:\Users\GangaRajuUdimudi\.m2\repository\org\springframework\spring-aop\5.2.1.RELEASE\spring-aop-5.2.1.RELEASE.jar;C:\Users\GangaRajuUdimudi\.m2\repository\org\springframework\spring-expression\5.2.1.RELEASE\spring-expression-5.2.1.RELEASE.jar;C:\Users\GangaRajuUdimudi\.m2\repository\org\springframework\cloud\spring-cloud-starter-config\2.2.0.RC2\spring-cloud-starter-config-2.2.0.RC2.jar;C:\Users\GangaRajuUdimudi\.m2\repository\org\springframework\cloud\spring-cloud-starter\2.2.0.RC2\spring-cloud-starter-2.2.0.RC2.jar;C:\Users\GangaRajuUdimudi\.m2\repository\org\springframework\cloud\spring-cloud-context\2.2.0.RC2\spring-cloud-context-2.2.0.RC2.jar;C:\Users\GangaRajuUdimudi\.m2\repository\org\springframework\security\spring-security-rsa\1.0.7.RELEASE\spring-security-rsa-1.0.7.RELEASE.jar;C:\Users\GangaRajuUdimudi\.m2\repository\org\bouncycastle\bcpkix-jdk15on\1.60\bcpkix-jdk15on-1.60.jar;C:\Users\GangaRajuUdimudi\.m2\repository\org\bouncycastle\bcprov-jdk15on\1.60\bcprov-jdk15on-1.60.jar;C:\Users\GangaRajuUdimudi\.m2\repository\org\springframework\cloud\spring-cloud-config-client\2.2.0.RC2\spring-cloud-config-client-2.2.0.RC2.jar;C:\Users\GangaRajuUdimudi\.m2\repository\com\fasterxml\jackson\core\jackson-annotations\2.10.0\jackson-annotations-2.10.0.jar;C:\Users\GangaRajuUdimudi\.m2\repository\com\fasterxml\jackson\core\jackson-databind\2.10.0\jackson-databind-2.10.0.jar;C:\Users\GangaRajuUdimudi\.m2\repository\org\springframework\cloud\spring-cloud-starter-netflix-eureka-client\2.2.0.RC2\spring-cloud-starter-netflix-eureka-client-2.2.0.RC2.jar;C:\Users\GangaRajuUdimudi\.m2\repository\org\springframework\cloud\spring-cloud-netflix-hystrix\2.2.0.RC2\spring-cloud-netflix-hystrix-2.2.0.RC2.jar;C:\Users\GangaRajuUdimudi\.m2\repository\org\springframework\cloud\spring-cloud-netflix-eureka-client\2.2.0.RC2\spring-cloud-netflix-eureka-client-2.2.0.RC2.jar;C:\Users\GangaRajuUdimudi\.m2\repository\com\netflix\eureka\eureka-client\1.9.13\eureka-client-1.9.13.jar;C:\Users\GangaRajuUdimudi\.m2\repository\org\codehaus\jettison\jettison\1.3.7\jettison-1.3.7.jar;C:\Users\GangaRajuUdimudi\.m2\repository\stax\stax-api\1.0.1\stax-api-1.0.1.jar;C:\Users\GangaRajuUdimudi\.m2\repository\com\netflix\netflix-commons\netflix-eventbus\0.3.0\netflix-eventbus-0.3.0.jar;C:\Users\GangaRajuUdimudi\.m2\repository\com\netflix\netflix-commons\netflix-infix\0.3.0\netflix-infix-0.3.0.jar;C:\Users\GangaRajuUdimudi\.m2\repository\commons-jxpath\commons-jxpath\1.3\commons-jxpath-1.3.jar;C:\Users\GangaRajuUdimudi\.m2\repository\joda-time\joda-time\2.10.5\joda-time-2.10.5.jar;C:\Users\GangaRajuUdimudi\.m2\repository\org\antlr\antlr-runtime\3.4\antlr-runtime-3.4.jar;C:\Users\GangaRajuUdimudi\.m2\repository\org\antlr\stringtemplate\3.2.1\stringtemplate-3.2.1.jar;C:\Users\GangaRajuUdimudi\.m2\repository\com\google\code\gson\gson\2.8.6\gson-2.8.6.jar;C:\Users\GangaRajuUdimudi\.m2\repository\org\apache\commons\commons-math\2.2\commons-math-2.2.jar;C:\Users\GangaRajuUdimudi\.m2\repository\com\netflix\archaius\archaius-core\0.7.6\archaius-core-0.7.6.jar;C:\Users\GangaRajuUdimudi\.m2\repository\com\google\guava\guava\16.0\guava-16.0.jar;C:\Users\GangaRajuUdimudi\.m2\repository\javax\ws\rs\jsr311-api\1.1.1\jsr311-api-1.1.1.jar;C:\Users\GangaRajuUdimudi\.m2\repository\com\netflix\servo\servo-core\0.12.21\servo-core-0.12.21.jar;C:\Users\GangaRajuUdimudi\.m2\repository\com\sun\jersey\jersey-core\1.19.1\jersey-core-1.19.1.jar;C:\Users\GangaRajuUdimudi\.m2\repository\com\sun\jersey\jersey-client\1.19.1\jersey-client-1.19.1.jar;C:\Users\GangaRajuUdimudi\.m2\repository\com\sun\jersey\contribs\jersey-apache-client4\1.19.1\jersey-apache-client4-1.19.1.jar;C:\Users\GangaRajuUdimudi\.m2\repository\org\apache\httpcomponents\httpclient\4.5.10\httpclient-4.5.10.jar;C:\Users\GangaRajuUdimudi\.m2\repository\org\apache\httpcomponents\httpcore\4.4.12\httpcore-4.4.12.jar;C:\Users\GangaRajuUdimudi\.m2\repository\commons-codec\commons-codec\1.13\commons-codec-1.13.jar;C:\Users\GangaRajuUdimudi\.m2\repository\com\google\inject\guice\4.1.0\guice-4.1.0.jar;C:\Users\GangaRajuUdimudi\.m2\repository\javax\inject\javax.inject\1\javax.inject-1.jar;C:\Users\GangaRajuUdimudi\.m2\repository\aopalliance\aopalliance\1.0\aopalliance-1.0.jar;C:\Users\GangaRajuUdimudi\.m2\repository\com\netflix\eureka\eureka-core\1.9.13\eureka-core-1.9.13.jar;C:\Users\GangaRajuUdimudi\.m2\repository\com\fasterxml\woodstox\woodstox-core\5.2.1\woodstox-core-5.2.1.jar;C:\Users\GangaRajuUdimudi\.m2\repository\org\codehaus\woodstox\stax2-api\4.2\stax2-api-4.2.jar;C:\Users\GangaRajuUdimudi\.m2\repository\org\springframework\cloud\spring-cloud-starter-netflix-archaius\2.2.0.RC2\spring-cloud-starter-netflix-archaius-2.2.0.RC2.jar;C:\Users\GangaRajuUdimudi\.m2\repository\org\springframework\cloud\spring-cloud-netflix-ribbon\2.2.0.RC2\spring-cloud-netflix-ribbon-2.2.0.RC2.jar;C:\Users\GangaRajuUdimudi\.m2\repository\org\springframework\cloud\spring-cloud-netflix-archaius\2.2.0.RC2\spring-cloud-netflix-archaius-2.2.0.RC2.jar;C:\Users\GangaRajuUdimudi\.m2\repository\commons-configuration\commons-configuration\1.8\commons-configuration-1.8.jar;C:\Users\GangaRajuUdimudi\.m2\repository\commons-lang\commons-lang\2.6\commons-lang-2.6.jar;C:\Users\GangaRajuUdimudi\.m2\repository\org\springframework\cloud\spring-cloud-starter-netflix-ribbon\2.2.0.RC2\spring-cloud-starter-netflix-ribbon-2.2.0.RC2.jar;C:\Users\GangaRajuUdimudi\.m2\repository\com\netflix\ribbon\ribbon\2.3.0\ribbon-2.3.0.jar;C:\Users\GangaRajuUdimudi\.m2\repository\com\netflix\ribbon\ribbon-transport\2.3.0\ribbon-transport-2.3.0.jar;C:\Users\GangaRajuUdimudi\.m2\repository\io\reactivex\rxnetty-contexts\0.4.9\rxnetty-contexts-0.4.9.jar;C:\Users\GangaRajuUdimudi\.m2\repository\io\reactivex\rxnetty-servo\0.4.9\rxnetty-servo-0.4.9.jar;C:\Users\GangaRajuUdimudi\.m2\repository\io\reactivex\rxnetty\0.4.9\rxnetty-0.4.9.jar;C:\Users\GangaRajuUdimudi\.m2\repository\com\netflix\ribbon\ribbon-core\2.3.0\ribbon-core-2.3.0.jar;C:\Users\GangaRajuUdimudi\.m2\repository\com\netflix\ribbon\ribbon-httpclient\2.3.0\ribbon-httpclient-2.3.0.jar;C:\Users\GangaRajuUdimudi\.m2\repository\commons-collections\commons-collections\3.2.2\commons-collections-3.2.2.jar;C:\Users\GangaRajuUdimudi\.m2\repository\com\netflix\netflix-commons\netflix-commons-util\0.3.0\netflix-commons-util-0.3.0.jar;C:\Users\GangaRajuUdimudi\.m2\repository\com\netflix\ribbon\ribbon-loadbalancer\2.3.0\ribbon-loadbalancer-2.3.0.jar;C:\Users\GangaRajuUdimudi\.m2\repository\com\netflix\netflix-commons\netflix-statistics\0.1.1\netflix-statistics-0.1.1.jar;C:\Users\GangaRajuUdimudi\.m2\repository\io\reactivex\rxjava\1.3.8\rxjava-1.3.8.jar;C:\Users\GangaRajuUdimudi\.m2\repository\org\springframework\cloud\spring-cloud-starter-loadbalancer\2.2.0.RC2\spring-cloud-starter-loadbalancer-2.2.0.RC2.jar;C:\Users\GangaRajuUdimudi\.m2\repository\org\springframework\cloud\spring-cloud-loadbalancer\2.2.0.RC2\spring-cloud-loadbalancer-2.2.0.RC2.jar;C:\Users\GangaRajuUdimudi\.m2\repository\io\projectreactor\reactor-core\3.3.0.RELEASE\reactor-core-3.3.0.RELEASE.jar;C:\Users\GangaRajuUdimudi\.m2\repository\io\projectreactor\addons\reactor-extra\3.3.0.RELEASE\reactor-extra-3.3.0.RELEASE.jar;C:\Users\GangaRajuUdimudi\.m2\repository\org\springframework\boot\spring-boot-starter-cache\2.2.1.RELEASE\spring-boot-starter-cache-2.2.1.RELEASE.jar;C:\Users\GangaRajuUdimudi\.m2\repository\org\springframework\spring-context-support\5.2.1.RELEASE\spring-context-support-5.2.1.RELEASE.jar;C:\Users\GangaRajuUdimudi\.m2\repository\com\netflix\ribbon\ribbon-eureka\2.3.0\ribbon-eureka-2.3.0.jar;C:\Users\GangaRajuUdimudi\.m2\repository\org\slf4j\slf4j-api\1.7.29\slf4j-api-1.7.29.jar;C:\Users\GangaRajuUdimudi\.m2\repository\com\thoughtworks\xstream\xstream\1.4.11.1\xstream-1.4.11.1.jar;C:\Users\GangaRajuUdimudi\.m2\repository\xmlpull\xmlpull\1.1.3.1\xmlpull-1.1.3.1.jar;C:\Users\GangaRajuUdimudi\.m2\repository\xpp3\xpp3_min\1.1.4c\xpp3_min-1.1.4c.jar;C:\Users\GangaRajuUdimudi\.m2\repository\org\springframework\cloud\spring-cloud-starter-sleuth\2.2.0.RC2\spring-cloud-starter-sleuth-2.2.0.RC2.jar;C:\Users\GangaRajuUdimudi\.m2\repository\org\springframework\boot\spring-boot-starter-aop\2.2.1.RELEASE\spring-boot-starter-aop-2.2.1.RELEASE.jar;C:\Users\GangaRajuUdimudi\.m2\repository\org\aspectj\aspectjweaver\1.9.4\aspectjweaver-1.9.4.jar;C:\Users\GangaRajuUdimudi\.m2\repository\org\springframework\cloud\spring-cloud-sleuth-core\2.2.0.RC2\spring-cloud-sleuth-core-2.2.0.RC2.jar;C:\Users\GangaRajuUdimudi\.m2\repository\org\aspectj\aspectjrt\1.9.4\aspectjrt-1.9.4.jar;C:\Users\GangaRajuUdimudi\.m2\repository\io\zipkin\brave\brave\5.9.0\brave-5.9.0.jar;C:\Users\GangaRajuUdimudi\.m2\repository\io\zipkin\brave\brave-context-log4j2\5.9.0\brave-context-log4j2-5.9.0.jar;C:\Users\GangaRajuUdimudi\.m2\repository\io\zipkin\brave\brave-instrumentation-messaging\5.9.0\brave-instrumentation-messaging-5.9.0.jar;C:\Users\GangaRajuUdimudi\.m2\repository\io\zipkin\brave\brave-instrumentation-rpc\5.9.0\brave-instrumentation-rpc-5.9.0.jar;C:\Users\GangaRajuUdimudi\.m2\repository\io\zipkin\brave\brave-instrumentation-spring-web\5.9.0\brave-instrumentation-spring-web-5.9.0.jar;C:\Users\GangaRajuUdimudi\.m2\repository\io\zipkin\brave\brave-instrumentation-http\5.9.0\brave-instrumentation-http-5.9.0.jar;C:\Users\GangaRajuUdimudi\.m2\repository\io\zipkin\brave\brave-instrumentation-spring-rabbit\5.9.0\brave-instrumentation-spring-rabbit-5.9.0.jar;C:\Users\GangaRajuUdimudi\.m2\repository\io\zipkin\brave\brave-instrumentation-kafka-clients\5.9.0\brave-instrumentation-kafka-clients-5.9.0.jar;C:\Users\GangaRajuUdimudi\.m2\repository\io\zipkin\brave\brave-instrumentation-kafka-streams\5.9.0\brave-instrumentation-kafka-streams-5.9.0.jar;C:\Users\GangaRajuUdimudi\.m2\repository\io\zipkin\brave\brave-instrumentation-httpclient\5.9.0\brave-instrumentation-httpclient-5.9.0.jar;C:\Users\GangaRajuUdimudi\.m2\repository\io\zipkin\brave\brave-instrumentation-httpasyncclient\5.9.0\brave-instrumentation-httpasyncclient-5.9.0.jar;C:\Users\GangaRajuUdimudi\.m2\repository\io\zipkin\brave\brave-instrumentation-spring-webmvc\5.9.0\brave-instrumentation-spring-webmvc-5.9.0.jar;C:\Users\GangaRajuUdimudi\.m2\repository\io\zipkin\brave\brave-instrumentation-servlet\5.9.0\brave-instrumentation-servlet-5.9.0.jar;C:\Users\GangaRajuUdimudi\.m2\repository\io\zipkin\brave\brave-instrumentation-jms\5.9.0\brave-instrumentation-jms-5.9.0.jar;C:\Users\GangaRajuUdimudi\.m2\repository\io\zipkin\reporter2\zipkin-reporter-metrics-micrometer\2.11.0\zipkin-reporter-metrics-micrometer-2.11.0.jar;C:\Users\GangaRajuUdimudi\.m2\repository\org\springframework\cloud\spring-cloud-sleuth-zipkin\2.2.0.RC2\spring-cloud-sleuth-zipkin-2.2.0.RC2.jar;C:\Users\GangaRajuUdimudi\.m2\repository\org\springframework\cloud\spring-cloud-commons\2.2.0.RC2\spring-cloud-commons-2.2.0.RC2.jar;C:\Users\GangaRajuUdimudi\.m2\repository\org\springframework\security\spring-security-crypto\5.2.1.RELEASE\spring-security-crypto-5.2.1.RELEASE.jar;C:\Users\GangaRajuUdimudi\.m2\repository\io\zipkin\zipkin2\zipkin\2.19.0\zipkin-2.19.0.jar;C:\Users\GangaRajuUdimudi\.m2\repository\io\zipkin\reporter2\zipkin-reporter\2.11.0\zipkin-reporter-2.11.0.jar;C:\Users\GangaRajuUdimudi\.m2\repository\io\zipkin\reporter2\zipkin-sender-kafka\2.11.0\zipkin-sender-kafka-2.11.0.jar;C:\Users\GangaRajuUdimudi\.m2\repository\io\zipkin\reporter2\zipkin-sender-activemq-client\2.11.0\zipkin-sender-activemq-client-2.11.0.jar;C:\Users\GangaRajuUdimudi\.m2\repository\io\zipkin\reporter2\zipkin-sender-amqp-client\2.11.0\zipkin-sender-amqp-client-2.11.0.jar;C:\Users\GangaRajuUdimudi\.m2\repository\org\springframework\cloud\spring-cloud-starter-bus-amqp\2.2.0.RC2\spring-cloud-starter-bus-amqp-2.2.0.RC2.jar;C:\Users\GangaRajuUdimudi\.m2\repository\org\springframework\cloud\spring-cloud-starter-stream-rabbit\3.0.0.RC2\spring-cloud-starter-stream-rabbit-3.0.0.RC2.jar;C:\Users\GangaRajuUdimudi\.m2\repository\org\springframework\cloud\spring-cloud-stream-binder-rabbit\3.0.0.RC2\spring-cloud-stream-binder-rabbit-3.0.0.RC2.jar;C:\Users\GangaRajuUdimudi\.m2\repository\org\springframework\cloud\spring-cloud-stream-binder-rabbit-core\3.0.0.RC2\spring-cloud-stream-binder-rabbit-core-3.0.0.RC2.jar;C:\Users\GangaRajuUdimudi\.m2\repository\org\springframework\integration\spring-integration-amqp\5.2.1.RELEASE\spring-integration-amqp-5.2.1.RELEASE.jar;C:\Users\GangaRajuUdimudi\.m2\repository\com\rabbitmq\http-client\2.1.0.RELEASE\http-client-2.1.0.RELEASE.jar;C:\Users\GangaRajuUdimudi\.m2\repository\org\springframework\boot\spring-boot-starter-amqp\2.2.1.RELEASE\spring-boot-starter-amqp-2.2.1.RELEASE.jar;C:\Users\GangaRajuUdimudi\.m2\repository\org\springframework\amqp\spring-rabbit\2.2.1.RELEASE\spring-rabbit-2.2.1.RELEASE.jar;C:\Users\GangaRajuUdimudi\.m2\repository\com\rabbitmq\amqp-client\5.7.3\amqp-client-5.7.3.jar;C:\Users\GangaRajuUdimudi\.m2\repository\org\springframework\amqp\spring-amqp\2.2.1.RELEASE\spring-amqp-2.2.1.RELEASE.jar;C:\Users\GangaRajuUdimudi\.m2\repository\org\springframework\integration\spring-integration-jmx\5.2.1.RELEASE\spring-integration-jmx-5.2.1.RELEASE.jar;C:\Users\GangaRajuUdimudi\.m2\repository\org\springframework\cloud\spring-cloud-bus\2.2.0.RC2\spring-cloud-bus-2.2.0.RC2.jar;C:\Users\GangaRajuUdimudi\.m2\repository\org\springframework\cloud\spring-cloud-stream\3.0.0.RC2\spring-cloud-stream-3.0.0.RC2.jar;C:\Users\GangaRajuUdimudi\.m2\repository\org\springframework\spring-messaging\5.2.1.RELEASE\spring-messaging-5.2.1.RELEASE.jar;C:\Users\GangaRajuUdimudi\.m2\repository\org\springframework\retry\spring-retry\1.2.4.RELEASE\spring-retry-1.2.4.RELEASE.jar;C:\Users\GangaRajuUdimudi\.m2\repository\org\springframework\cloud\spring-cloud-function-context\3.0.0.RC2\spring-cloud-function-context-3.0.0.RC2.jar;C:\Users\GangaRajuUdimudi\.m2\repository\org\springframework\cloud\spring-cloud-function-core\3.0.0.RC2\spring-cloud-function-core-3.0.0.RC2.jar;C:\Users\GangaRajuUdimudi\.m2\repository\org\springframework\integration\spring-integration-core\5.2.1.RELEASE\spring-integration-core-5.2.1.RELEASE.jar;C:\Users\GangaRajuUdimudi\.m2\repository\org\springframework\cloud\spring-cloud-starter-hystrix\1.4.7.RELEASE\spring-cloud-starter-hystrix-1.4.7.RELEASE.jar;C:\Users\GangaRajuUdimudi\.m2\repository\org\springframework\cloud\spring-cloud-starter-netflix-hystrix\2.2.0.RC2\spring-cloud-starter-netflix-hystrix-2.2.0.RC2.jar;C:\Users\GangaRajuUdimudi\.m2\repository\com\netflix\hystrix\hystrix-core\1.5.18\hystrix-core-1.5.18.jar;C:\Users\GangaRajuUdimudi\.m2\repository\com\netflix\hystrix\hystrix-serialization\1.5.18\hystrix-serialization-1.5.18.jar;C:\Users\GangaRajuUdimudi\.m2\repository\com\fasterxml\jackson\module\jackson-module-afterburner\2.10.0\jackson-module-afterburner-2.10.0.jar;C:\Users\GangaRajuUdimudi\.m2\repository\com\netflix\hystrix\hystrix-metrics-event-stream\1.5.18\hystrix-metrics-event-stream-1.5.18.jar;C:\Users\GangaRajuUdimudi\.m2\repository\com\netflix\hystrix\hystrix-javanica\1.5.18\hystrix-javanica-1.5.18.jar;C:\Users\GangaRajuUdimudi\.m2\repository\org\apache\commons\commons-lang3\3.9\commons-lang3-3.9.jar;C:\Users\GangaRajuUdimudi\.m2\repository\org\ow2\asm\asm\5.0.4\asm-5.0.4.jar;C:\Users\GangaRajuUdimudi\.m2\repository\io\reactivex\rxjava-reactive-streams\1.2.1\rxjava-reactive-streams-1.2.1.jar;C:\Users\GangaRajuUdimudi\.m2\repository\org\reactivestreams\reactive-streams\1.0.3\reactive-streams-1.0.3.jar;C:\Users\GangaRajuUdimudi\.m2\repository\org\springframework\cloud\spring-cloud-starter-hystrix-dashboard\1.4.7.RELEASE\spring-cloud-starter-hystrix-dashboard-1.4.7.RELEASE.jar;C:\Users\GangaRajuUdimudi\.m2\repository\org\springframework\cloud\spring-cloud-starter-netflix-hystrix-dashboard\2.2.0.RC2\spring-cloud-starter-netflix-hystrix-dashboard-2.2.0.RC2.jar;C:\Users\GangaRajuUdimudi\.m2\repository\org\springframework\cloud\spring-cloud-netflix-hystrix-dashboard\2.2.0.RC2\spring-cloud-netflix-hystrix-dashboard-2.2.0.RC2.jar;C:\Users\GangaRajuUdimudi\.m2\repository\org\springframework\boot\spring-boot-starter-freemarker\2.2.1.RELEASE\spring-boot-starter-freemarker-2.2.1.RELEASE.jar;C:\Users\GangaRajuUdimudi\.m2\repository\org\freemarker\freemarker\2.3.29\freemarker-2.3.29.jar;C:\Users\GangaRajuUdimudi\.m2\repository\org\webjars\jquery\2.1.1\jquery-2.1.1.jar;C:\Users\GangaRajuUdimudi\.m2\repository\org\webjars\d3js\3.4.11\d3js-3.4.11.jar;C:\Users\GangaRajuUdimudi\.m2\repository\org\springframework\boot\spring-boot-starter-data-jpa\2.2.1.RELEASE\spring-boot-starter-data-jpa-2.2.1.RELEASE.jar;C:\Users\GangaRajuUdimudi\.m2\repository\org\springframework\boot\spring-boot-starter-jdbc\2.2.1.RELEASE\spring-boot-starter-jdbc-2.2.1.RELEASE.jar;C:\Users\GangaRajuUdimudi\.m2\repository\com\zaxxer\HikariCP\3.4.1\HikariCP-3.4.1.jar;C:\Users\GangaRajuUdimudi\.m2\repository\org\springframework\spring-jdbc\5.2.1.RELEASE\spring-jdbc-5.2.1.RELEASE.jar;C:\Users\GangaRajuUdimudi\.m2\repository\jakarta\activation\jakarta.activation-api\1.2.1\jakarta.activation-api-1.2.1.jar;C:\Users\GangaRajuUdimudi\.m2\repository\jakarta\persistence\jakarta.persistence-api\2.2.3\jakarta.persistence-api-2.2.3.jar;C:\Users\GangaRajuUdimudi\.m2\repository\jakarta\transaction\jakarta.transaction-api\1.3.3\jakarta.transaction-api-1.3.3.jar;C:\Users\GangaRajuUdimudi\.m2\repository\org\hibernate\hibernate-core\5.4.8.Final\hibernate-core-5.4.8.Final.jar;C:\Users\GangaRajuUdimudi\.m2\repository\org\jboss\logging\jboss-logging\3.4.1.Final\jboss-logging-3.4.1.Final.jar;C:\Users\GangaRajuUdimudi\.m2\repository\org\javassist\javassist\3.24.0-GA\javassist-3.24.0-GA.jar;C:\Users\GangaRajuUdimudi\.m2\repository\net\bytebuddy\byte-buddy\1.10.2\byte-buddy-1.10.2.jar;C:\Users\GangaRajuUdimudi\.m2\repository\antlr\antlr\2.7.7\antlr-2.7.7.jar;C:\Users\GangaRajuUdimudi\.m2\repository\org\jboss\jandex\2.0.5.Final\jandex-2.0.5.Final.jar;C:\Users\GangaRajuUdimudi\.m2\repository\com\fasterxml\classmate\1.5.1\classmate-1.5.1.jar;C:\Users\GangaRajuUdimudi\.m2\repository\org\dom4j\dom4j\2.1.1\dom4j-2.1.1.jar;C:\Users\GangaRajuUdimudi\.m2\repository\org\hibernate\common\hibernate-commons-annotations\5.1.0.Final\hibernate-commons-annotations-5.1.0.Final.jar;C:\Users\GangaRajuUdimudi\.m2\repository\org\glassfish\jaxb\jaxb-runtime\2.3.2\jaxb-runtime-2.3.2.jar;C:\Users\GangaRajuUdimudi\.m2\repository\org\glassfish\jaxb\txw2\2.3.2\txw2-2.3.2.jar;C:\Users\GangaRajuUdimudi\.m2\repository\com\sun\istack\istack-commons-runtime\3.0.8\istack-commons-runtime-3.0.8.jar;C:\Users\GangaRajuUdimudi\.m2\repository\org\jvnet\staxex\stax-ex\1.8.1\stax-ex-1.8.1.jar;C:\Users\GangaRajuUdimudi\.m2\repository\com\sun\xml\fastinfoset\FastInfoset\1.2.16\FastInfoset-1.2.16.jar;C:\Users\GangaRajuUdimudi\.m2\repository\org\springframework\data\spring-data-jpa\2.2.1.RELEASE\spring-data-jpa-2.2.1.RELEASE.jar;C:\Users\GangaRajuUdimudi\.m2\repository\org\springframework\data\spring-data-commons\2.2.1.RELEASE\spring-data-commons-2.2.1.RELEASE.jar;C:\Users\GangaRajuUdimudi\.m2\repository\org\springframework\spring-orm\5.2.1.RELEASE\spring-orm-5.2.1.RELEASE.jar;C:\Users\GangaRajuUdimudi\.m2\repository\org\springframework\spring-tx\5.2.1.RELEASE\spring-tx-5.2.1.RELEASE.jar;C:\Users\GangaRajuUdimudi\.m2\repository\org\springframework\spring-aspects\5.2.1.RELEASE\spring-aspects-5.2.1.RELEASE.jar;C:\Users\GangaRajuUdimudi\.m2\repository\com\h2database\h2\1.4.200\h2-1.4.200.jar;C:\Users\GangaRajuUdimudi\.m2\repository\com\fasterxml\jackson\core\jackson-core\2.10.0\jackson-core-2.10.0.jar;C:\Users\GangaRajuUdimudi\.m2\repository\org\springframework\boot\spring-boot-devtools\2.2.1.RELEASE\spring-boot-devtools-2.2.1.RELEASE.jar;C:\Users\GangaRajuUdimudi\.m2\repository\org\springframework\boot\spring-boot\2.2.1.RELEASE\spring-boot-2.2.1.RELEASE.jar;C:\Users\GangaRajuUdimudi\.m2\repository\org\springframework\boot\spring-boot-autoconfigure\2.2.1.RELEASE\spring-boot-autoconfigure-2.2.1.RELEASE.jar;C:\Users\GangaRajuUdimudi\.m2\repository\org\springframework\boot\spring-boot-starter-test\2.2.1.RELEASE\spring-boot-starter-test-2.2.1.RELEASE.jar;C:\Users\GangaRajuUdimudi\.m2\repository\org\springframework\boot\spring-boot-test\2.2.1.RELEASE\spring-boot-test-2.2.1.RELEASE.jar;C:\Users\GangaRajuUdimudi\.m2\repository\org\springframework\boot\spring-boot-test-autoconfigure\2.2.1.RELEASE\spring-boot-test-autoconfigure-2.2.1.RELEASE.jar;C:\Users\GangaRajuUdimudi\.m2\repository\com\jayway\jsonpath\json-path\2.4.0\json-path-2.4.0.jar;C:\Users\GangaRajuUdimudi\.m2\repository\net\minidev\json-smart\2.3\json-smart-2.3.jar;C:\Users\GangaRajuUdimudi\.m2\repository\net\minidev\accessors-smart\1.2\accessors-smart-1.2.jar;C:\Users\GangaRajuUdimudi\.m2\repository\jakarta\xml\bind\jakarta.xml.bind-api\2.3.2\jakarta.xml.bind-api-2.3.2.jar;C:\Users\GangaRajuUdimudi\.m2\repository\org\junit\jupiter\junit-jupiter\5.5.2\junit-jupiter-5.5.2.jar;C:\Users\GangaRajuUdimudi\.m2\repository\org\junit\jupiter\junit-jupiter-api\5.5.2\junit-jupiter-api-5.5.2.jar;C:\Users\GangaRajuUdimudi\.m2\repository\org\apiguardian\apiguardian-api\1.1.0\apiguardian-api-1.1.0.jar;C:\Users\GangaRajuUdimudi\.m2\repository\org\opentest4j\opentest4j\1.2.0\opentest4j-1.2.0.jar;C:\Users\GangaRajuUdimudi\.m2\repository\org\junit\platform\junit-platform-commons\1.5.2\junit-platform-commons-1.5.2.jar;C:\Users\GangaRajuUdimudi\.m2\repository\org\junit\jupiter\junit-jupiter-params\5.5.2\junit-jupiter-params-5.5.2.jar;C:\Users\GangaRajuUdimudi\.m2\repository\org\junit\jupiter\junit-jupiter-engine\5.5.2\junit-jupiter-engine-5.5.2.jar;C:\Users\GangaRajuUdimudi\.m2\repository\org\junit\platform\junit-platform-engine\1.5.2\junit-platform-engine-1.5.2.jar;C:\Users\GangaRajuUdimudi\.m2\repository\org\mockito\mockito-junit-jupiter\3.1.0\mockito-junit-jupiter-3.1.0.jar;C:\Users\GangaRajuUdimudi\.m2\repository\org\assertj\assertj-core\3.13.2\assertj-core-3.13.2.jar;C:\Users\GangaRajuUdimudi\.m2\repository\org\hamcrest\hamcrest\2.1\hamcrest-2.1.jar;C:\Users\GangaRajuUdimudi\.m2\repository\org\mockito\mockito-core\3.1.0\mockito-core-3.1.0.jar;C:\Users\GangaRajuUdimudi\.m2\repository\net\bytebuddy\byte-buddy-agent\1.10.2\byte-buddy-agent-1.10.2.jar;C:\Users\GangaRajuUdimudi\.m2\repository\org\objenesis\objenesis\2.6\objenesis-2.6.jar;C:\Users\GangaRajuUdimudi\.m2\repository\org\skyscreamer\jsonassert\1.5.0\jsonassert-1.5.0.jar;C:\Users\GangaRajuUdimudi\.m2\repository\com\vaadin\external\google\android-json\0.0.20131108.vaadin1\android-json-0.0.20131108.vaadin1.jar;C:\Users\GangaRajuUdimudi\.m2\repository\org\springframework\spring-core\5.2.1.RELEASE\spring-core-5.2.1.RELEASE.jar;C:\Users\GangaRajuUdimudi\.m2\repository\org\springframework\spring-jcl\5.2.1.RELEASE\spring-jcl-5.2.1.RELEASE.jar;C:\Users\GangaRajuUdimudi\.m2\repository\org\springframework\spring-test\5.2.1.RELEASE\spring-test-5.2.1.RELEASE.jar;C:\Users\GangaRajuUdimudi\.m2\repository\org\xmlunit\xmlunit-core\2.6.3\xmlunit-core-2.6.3.jar;"/>
    <property name="java.vm.vendor" value="Oracle Corporation"/>
    <property name="sun.arch.data.model" value="64"/>
    <property name="user.variant" value=""/>
    <property name="java.vendor.url" value="http://java.oracle.com/"/>
    <property name="user.timezone" value="Asia/Calcutta"/>
    <property name="java.vm.specification.version" value="1.8"/>
    <property name="os.name" value="Windows 10"/>
    <property name="user.country" value="IN"/>
    <property name="sun.java.launcher" value="SUN_STANDARD"/>
    <property name="sun.boot.library.path" value="C:\Program Files\Java\jdk1.8.0_171\jre\bin"/>
    <property name="sun.java.command" value="C:\Users\GANGAR~1\AppData\Local\Temp\surefire1264454559236143847\surefirebooter1710535910944341969.jar C:\Users\GangaRajuUdimudi\AppData\Local\Temp\surefire1264454559236143847 2019-11-29T10-00-19_553-jvmRun1 surefire5903521268021918032tmp surefire_05600808697377315165tmp"/>
    <property name="surefire.test.class.path" value="C:\Microservice_Workspace\currency-exchange-service\target\test-classes;C:\Microservice_Workspace\currency-exchange-service\target\classes;C:\Users\GangaRajuUdimudi\.m2\repository\org\springframework\boot\spring-boot-starter-actuator\2.2.1.RELEASE\spring-boot-starter-actuator-2.2.1.RELEASE.jar;C:\Users\GangaRajuUdimudi\.m2\repository\org\springframework\boot\spring-boot-starter\2.2.1.RELEASE\spring-boot-starter-2.2.1.RELEASE.jar;C:\Users\GangaRajuUdimudi\.m2\repository\org\springframework\boot\spring-boot-starter-logging\2.2.1.RELEASE\spring-boot-starter-logging-2.2.1.RELEASE.jar;C:\Users\GangaRajuUdimudi\.m2\repository\ch\qos\logback\logback-classic\1.2.3\logback-classic-1.2.3.jar;C:\Users\GangaRajuUdimudi\.m2\repository\ch\qos\logback\logback-core\1.2.3\logback-core-1.2.3.jar;C:\Users\GangaRajuUdimudi\.m2\repository\org\apache\logging\log4j\log4j-to-slf4j\2.12.1\log4j-to-slf4j-2.12.1.jar;C:\Users\GangaRajuUdimudi\.m2\repository\org\apache\logging\log4j\log4j-api\2.12.1\log4j-api-2.12.1.jar;C:\Users\GangaRajuUdimudi\.m2\repository\org\slf4j\jul-to-slf4j\1.7.29\jul-to-slf4j-1.7.29.jar;C:\Users\GangaRajuUdimudi\.m2\repository\jakarta\annotation\jakarta.annotation-api\1.3.5\jakarta.annotation-api-1.3.5.jar;C:\Users\GangaRajuUdimudi\.m2\repository\org\yaml\snakeyaml\1.25\snakeyaml-1.25.jar;C:\Users\GangaRajuUdimudi\.m2\repository\org\springframework\boot\spring-boot-actuator-autoconfigure\2.2.1.RELEASE\spring-boot-actuator-autoconfigure-2.2.1.RELEASE.jar;C:\Users\GangaRajuUdimudi\.m2\repository\org\springframework\boot\spring-boot-actuator\2.2.1.RELEASE\spring-boot-actuator-2.2.1.RELEASE.jar;C:\Users\GangaRajuUdimudi\.m2\repository\org\springframework\spring-context\5.2.1.RELEASE\spring-context-5.2.1.RELEASE.jar;C:\Users\GangaRajuUdimudi\.m2\repository\com\fasterxml\jackson\datatype\jackson-datatype-jsr310\2.10.0\jackson-datatype-jsr310-2.10.0.jar;C:\Users\GangaRajuUdimudi\.m2\repository\io\micrometer\micrometer-core\1.3.1\micrometer-core-1.3.1.jar;C:\Users\GangaRajuUdimudi\.m2\repository\org\hdrhistogram\HdrHistogram\2.1.11\HdrHistogram-2.1.11.jar;C:\Users\GangaRajuUdimudi\.m2\repository\org\latencyutils\LatencyUtils\2.0.3\LatencyUtils-2.0.3.jar;C:\Users\GangaRajuUdimudi\.m2\repository\org\springframework\boot\spring-boot-starter-web\2.2.1.RELEASE\spring-boot-starter-web-2.2.1.RELEASE.jar;C:\Users\GangaRajuUdimudi\.m2\repository\org\springframework\boot\spring-boot-starter-json\2.2.1.RELEASE\spring-boot-starter-json-2.2.1.RELEASE.jar;C:\Users\GangaRajuUdimudi\.m2\repository\com\fasterxml\jackson\datatype\jackson-datatype-jdk8\2.10.0\jackson-datatype-jdk8-2.10.0.jar;C:\Users\GangaRajuUdimudi\.m2\repository\com\fasterxml\jackson\module\jackson-module-parameter-names\2.10.0\jackson-module-parameter-names-2.10.0.jar;C:\Users\GangaRajuUdimudi\.m2\repository\org\springframework\boot\spring-boot-starter-tomcat\2.2.1.RELEASE\spring-boot-starter-tomcat-2.2.1.RELEASE.jar;C:\Users\GangaRajuUdimudi\.m2\repository\org\apache\tomcat\embed\tomcat-embed-core\9.0.27\tomcat-embed-core-9.0.27.jar;C:\Users\GangaRajuUdimudi\.m2\repository\org\apache\tomcat\embed\tomcat-embed-el\9.0.27\tomcat-embed-el-9.0.27.jar;C:\Users\GangaRajuUdimudi\.m2\repository\org\apache\tomcat\embed\tomcat-embed-websocket\9.0.27\tomcat-embed-websocket-9.0.27.jar;C:\Users\GangaRajuUdimudi\.m2\repository\org\springframework\boot\spring-boot-starter-validation\2.2.1.RELEASE\spring-boot-starter-validation-2.2.1.RELEASE.jar;C:\Users\GangaRajuUdimudi\.m2\repository\jakarta\validation\jakarta.validation-api\2.0.1\jakarta.validation-api-2.0.1.jar;C:\Users\GangaRajuUdimudi\.m2\repository\org\hibernate\validator\hibernate-validator\6.0.18.Final\hibernate-validator-6.0.18.Final.jar;C:\Users\GangaRajuUdimudi\.m2\repository\org\springframework\spring-web\5.2.1.RELEASE\spring-web-5.2.1.RELEASE.jar;C:\Users\GangaRajuUdimudi\.m2\repository\org\springframework\spring-beans\5.2.1.RELEASE\spring-beans-5.2.1.RELEASE.jar;C:\Users\GangaRajuUdimudi\.m2\repository\org\springframework\spring-webmvc\5.2.1.RELEASE\spring-webmvc-5.2.1.RELEASE.jar;C:\Users\GangaRajuUdimudi\.m2\repository\org\springframework\spring-aop\5.2.1.RELEASE\spring-aop-5.2.1.RELEASE.jar;C:\Users\GangaRajuUdimudi\.m2\repository\org\springframework\spring-expression\5.2.1.RELEASE\spring-expression-5.2.1.RELEASE.jar;C:\Users\GangaRajuUdimudi\.m2\repository\org\springframework\cloud\spring-cloud-starter-config\2.2.0.RC2\spring-cloud-starter-config-2.2.0.RC2.jar;C:\Users\GangaRajuUdimudi\.m2\repository\org\springframework\cloud\spring-cloud-starter\2.2.0.RC2\spring-cloud-starter-2.2.0.RC2.jar;C:\Users\GangaRajuUdimudi\.m2\repository\org\springframework\cloud\spring-cloud-context\2.2.0.RC2\spring-cloud-context-2.2.0.RC2.jar;C:\Users\GangaRajuUdimudi\.m2\repository\org\springframework\security\spring-security-rsa\1.0.7.RELEASE\spring-security-rsa-1.0.7.RELEASE.jar;C:\Users\GangaRajuUdimudi\.m2\repository\org\bouncycastle\bcpkix-jdk15on\1.60\bcpkix-jdk15on-1.60.jar;C:\Users\GangaRajuUdimudi\.m2\repository\org\bouncycastle\bcprov-jdk15on\1.60\bcprov-jdk15on-1.60.jar;C:\Users\GangaRajuUdimudi\.m2\repository\org\springframework\cloud\spring-cloud-config-client\2.2.0.RC2\spring-cloud-config-client-2.2.0.RC2.jar;C:\Users\GangaRajuUdimudi\.m2\repository\com\fasterxml\jackson\core\jackson-annotations\2.10.0\jackson-annotations-2.10.0.jar;C:\Users\GangaRajuUdimudi\.m2\repository\com\fasterxml\jackson\core\jackson-databind\2.10.0\jackson-databind-2.10.0.jar;C:\Users\GangaRajuUdimudi\.m2\repository\org\springframework\cloud\spring-cloud-starter-netflix-eureka-client\2.2.0.RC2\spring-cloud-starter-netflix-eureka-client-2.2.0.RC2.jar;C:\Users\GangaRajuUdimudi\.m2\repository\org\springframework\cloud\spring-cloud-netflix-hystrix\2.2.0.RC2\spring-cloud-netflix-hystrix-2.2.0.RC2.jar;C:\Users\GangaRajuUdimudi\.m2\repository\org\springframework\cloud\spring-cloud-netflix-eureka-client\2.2.0.RC2\spring-cloud-netflix-eureka-client-2.2.0.RC2.jar;C:\Users\GangaRajuUdimudi\.m2\repository\com\netflix\eureka\eureka-client\1.9.13\eureka-client-1.9.13.jar;C:\Users\GangaRajuUdimudi\.m2\repository\org\codehaus\jettison\jettison\1.3.7\jettison-1.3.7.jar;C:\Users\GangaRajuUdimudi\.m2\repository\stax\stax-api\1.0.1\stax-api-1.0.1.jar;C:\Users\GangaRajuUdimudi\.m2\repository\com\netflix\netflix-commons\netflix-eventbus\0.3.0\netflix-eventbus-0.3.0.jar;C:\Users\GangaRajuUdimudi\.m2\repository\com\netflix\netflix-commons\netflix-infix\0.3.0\netflix-infix-0.3.0.jar;C:\Users\GangaRajuUdimudi\.m2\repository\commons-jxpath\commons-jxpath\1.3\commons-jxpath-1.3.jar;C:\Users\GangaRajuUdimudi\.m2\repository\joda-time\joda-time\2.10.5\joda-time-2.10.5.jar;C:\Users\GangaRajuUdimudi\.m2\repository\org\antlr\antlr-runtime\3.4\antlr-runtime-3.4.jar;C:\Users\GangaRajuUdimudi\.m2\repository\org\antlr\stringtemplate\3.2.1\stringtemplate-3.2.1.jar;C:\Users\GangaRajuUdimudi\.m2\repository\com\google\code\gson\gson\2.8.6\gson-2.8.6.jar;C:\Users\GangaRajuUdimudi\.m2\repository\org\apache\commons\commons-math\2.2\commons-math-2.2.jar;C:\Users\GangaRajuUdimudi\.m2\repository\com\netflix\archaius\archaius-core\0.7.6\archaius-core-0.7.6.jar;C:\Users\GangaRajuUdimudi\.m2\repository\com\google\guava\guava\16.0\guava-16.0.jar;C:\Users\GangaRajuUdimudi\.m2\repository\javax\ws\rs\jsr311-api\1.1.1\jsr311-api-1.1.1.jar;C:\Users\GangaRajuUdimudi\.m2\repository\com\netflix\servo\servo-core\0.12.21\servo-core-0.12.21.jar;C:\Users\GangaRajuUdimudi\.m2\repository\com\sun\jersey\jersey-core\1.19.1\jersey-core-1.19.1.jar;C:\Users\GangaRajuUdimudi\.m2\repository\com\sun\jersey\jersey-client\1.19.1\jersey-client-1.19.1.jar;C:\Users\GangaRajuUdimudi\.m2\repository\com\sun\jersey\contribs\jersey-apache-client4\1.19.1\jersey-apache-client4-1.19.1.jar;C:\Users\GangaRajuUdimudi\.m2\repository\org\apache\httpcomponents\httpclient\4.5.10\httpclient-4.5.10.jar;C:\Users\GangaRajuUdimudi\.m2\repository\org\apache\httpcomponents\httpcore\4.4.12\httpcore-4.4.12.jar;C:\Users\GangaRajuUdimudi\.m2\repository\commons-codec\commons-codec\1.13\commons-codec-1.13.jar;C:\Users\GangaRajuUdimudi\.m2\repository\com\google\inject\guice\4.1.0\guice-4.1.0.jar;C:\Users\GangaRajuUdimudi\.m2\repository\javax\inject\javax.inject\1\javax.inject-1.jar;C:\Users\GangaRajuUdimudi\.m2\repository\aopalliance\aopalliance\1.0\aopalliance-1.0.jar;C:\Users\GangaRajuUdimudi\.m2\repository\com\netflix\eureka\eureka-core\1.9.13\eureka-core-1.9.13.jar;C:\Users\GangaRajuUdimudi\.m2\repository\com\fasterxml\woodstox\woodstox-core\5.2.1\woodstox-core-5.2.1.jar;C:\Users\GangaRajuUdimudi\.m2\repository\org\codehaus\woodstox\stax2-api\4.2\stax2-api-4.2.jar;C:\Users\GangaRajuUdimudi\.m2\repository\org\springframework\cloud\spring-cloud-starter-netflix-archaius\2.2.0.RC2\spring-cloud-starter-netflix-archaius-2.2.0.RC2.jar;C:\Users\GangaRajuUdimudi\.m2\repository\org\springframework\cloud\spring-cloud-netflix-ribbon\2.2.0.RC2\spring-cloud-netflix-ribbon-2.2.0.RC2.jar;C:\Users\GangaRajuUdimudi\.m2\repository\org\springframework\cloud\spring-cloud-netflix-archaius\2.2.0.RC2\spring-cloud-netflix-archaius-2.2.0.RC2.jar;C:\Users\GangaRajuUdimudi\.m2\repository\commons-configuration\commons-configuration\1.8\commons-configuration-1.8.jar;C:\Users\GangaRajuUdimudi\.m2\repository\commons-lang\commons-lang\2.6\commons-lang-2.6.jar;C:\Users\GangaRajuUdimudi\.m2\repository\org\springframework\cloud\spring-cloud-starter-netflix-ribbon\2.2.0.RC2\spring-cloud-starter-netflix-ribbon-2.2.0.RC2.jar;C:\Users\GangaRajuUdimudi\.m2\repository\com\netflix\ribbon\ribbon\2.3.0\ribbon-2.3.0.jar;C:\Users\GangaRajuUdimudi\.m2\repository\com\netflix\ribbon\ribbon-transport\2.3.0\ribbon-transport-2.3.0.jar;C:\Users\GangaRajuUdimudi\.m2\repository\io\reactivex\rxnetty-contexts\0.4.9\rxnetty-contexts-0.4.9.jar;C:\Users\GangaRajuUdimudi\.m2\repository\io\reactivex\rxnetty-servo\0.4.9\rxnetty-servo-0.4.9.jar;C:\Users\GangaRajuUdimudi\.m2\repository\io\reactivex\rxnetty\0.4.9\rxnetty-0.4.9.jar;C:\Users\GangaRajuUdimudi\.m2\repository\com\netflix\ribbon\ribbon-core\2.3.0\ribbon-core-2.3.0.jar;C:\Users\GangaRajuUdimudi\.m2\repository\com\netflix\ribbon\ribbon-httpclient\2.3.0\ribbon-httpclient-2.3.0.jar;C:\Users\GangaRajuUdimudi\.m2\repository\commons-collections\commons-collections\3.2.2\commons-collections-3.2.2.jar;C:\Users\GangaRajuUdimudi\.m2\repository\com\netflix\netflix-commons\netflix-commons-util\0.3.0\netflix-commons-util-0.3.0.jar;C:\Users\GangaRajuUdimudi\.m2\repository\com\netflix\ribbon\ribbon-loadbalancer\2.3.0\ribbon-loadbalancer-2.3.0.jar;C:\Users\GangaRajuUdimudi\.m2\repository\com\netflix\netflix-commons\netflix-statistics\0.1.1\netflix-statistics-0.1.1.jar;C:\Users\GangaRajuUdimudi\.m2\repository\io\reactivex\rxjava\1.3.8\rxjava-1.3.8.jar;C:\Users\GangaRajuUdimudi\.m2\repository\org\springframework\cloud\spring-cloud-starter-loadbalancer\2.2.0.RC2\spring-cloud-starter-loadbalancer-2.2.0.RC2.jar;C:\Users\GangaRajuUdimudi\.m2\repository\org\springframework\cloud\spring-cloud-loadbalancer\2.2.0.RC2\spring-cloud-loadbalancer-2.2.0.RC2.jar;C:\Users\GangaRajuUdimudi\.m2\repository\io\projectreactor\reactor-core\3.3.0.RELEASE\reactor-core-3.3.0.RELEASE.jar;C:\Users\GangaRajuUdimudi\.m2\repository\io\projectreactor\addons\reactor-extra\3.3.0.RELEASE\reactor-extra-3.3.0.RELEASE.jar;C:\Users\GangaRajuUdimudi\.m2\repository\org\springframework\boot\spring-boot-starter-cache\2.2.1.RELEASE\spring-boot-starter-cache-2.2.1.RELEASE.jar;C:\Users\GangaRajuUdimudi\.m2\repository\org\springframework\spring-context-support\5.2.1.RELEASE\spring-context-support-5.2.1.RELEASE.jar;C:\Users\GangaRajuUdimudi\.m2\repository\com\netflix\ribbon\ribbon-eureka\2.3.0\ribbon-eureka-2.3.0.jar;C:\Users\GangaRajuUdimudi\.m2\repository\org\slf4j\slf4j-api\1.7.29\slf4j-api-1.7.29.jar;C:\Users\GangaRajuUdimudi\.m2\repository\com\thoughtworks\xstream\xstream\1.4.11.1\xstream-1.4.11.1.jar;C:\Users\GangaRajuUdimudi\.m2\repository\xmlpull\xmlpull\1.1.3.1\xmlpull-1.1.3.1.jar;C:\Users\GangaRajuUdimudi\.m2\repository\xpp3\xpp3_min\1.1.4c\xpp3_min-1.1.4c.jar;C:\Users\GangaRajuUdimudi\.m2\repository\org\springframework\cloud\spring-cloud-starter-sleuth\2.2.0.RC2\spring-cloud-starter-sleuth-2.2.0.RC2.jar;C:\Users\GangaRajuUdimudi\.m2\repository\org\springframework\boot\spring-boot-starter-aop\2.2.1.RELEASE\spring-boot-starter-aop-2.2.1.RELEASE.jar;C:\Users\GangaRajuUdimudi\.m2\repository\org\aspectj\aspectjweaver\1.9.4\aspectjweaver-1.9.4.jar;C:\Users\GangaRajuUdimudi\.m2\repository\org\springframework\cloud\spring-cloud-sleuth-core\2.2.0.RC2\spring-cloud-sleuth-core-2.2.0.RC2.jar;C:\Users\GangaRajuUdimudi\.m2\repository\org\aspectj\aspectjrt\1.9.4\aspectjrt-1.9.4.jar;C:\Users\GangaRajuUdimudi\.m2\repository\io\zipkin\brave\brave\5.9.0\brave-5.9.0.jar;C:\Users\GangaRajuUdimudi\.m2\repository\io\zipkin\brave\brave-context-log4j2\5.9.0\brave-context-log4j2-5.9.0.jar;C:\Users\GangaRajuUdimudi\.m2\repository\io\zipkin\brave\brave-instrumentation-messaging\5.9.0\brave-instrumentation-messaging-5.9.0.jar;C:\Users\GangaRajuUdimudi\.m2\repository\io\zipkin\brave\brave-instrumentation-rpc\5.9.0\brave-instrumentation-rpc-5.9.0.jar;C:\Users\GangaRajuUdimudi\.m2\repository\io\zipkin\brave\brave-instrumentation-spring-web\5.9.0\brave-instrumentation-spring-web-5.9.0.jar;C:\Users\GangaRajuUdimudi\.m2\repository\io\zipkin\brave\brave-instrumentation-http\5.9.0\brave-instrumentation-http-5.9.0.jar;C:\Users\GangaRajuUdimudi\.m2\repository\io\zipkin\brave\brave-instrumentation-spring-rabbit\5.9.0\brave-instrumentation-spring-rabbit-5.9.0.jar;C:\Users\GangaRajuUdimudi\.m2\repository\io\zipkin\brave\brave-instrumentation-kafka-clients\5.9.0\brave-instrumentation-kafka-clients-5.9.0.jar;C:\Users\GangaRajuUdimudi\.m2\repository\io\zipkin\brave\brave-instrumentation-kafka-streams\5.9.0\brave-instrumentation-kafka-streams-5.9.0.jar;C:\Users\GangaRajuUdimudi\.m2\repository\io\zipkin\brave\brave-instrumentation-httpclient\5.9.0\brave-instrumentation-httpclient-5.9.0.jar;C:\Users\GangaRajuUdimudi\.m2\repository\io\zipkin\brave\brave-instrumentation-httpasyncclient\5.9.0\brave-instrumentation-httpasyncclient-5.9.0.jar;C:\Users\GangaRajuUdimudi\.m2\repository\io\zipkin\brave\brave-instrumentation-spring-webmvc\5.9.0\brave-instrumentation-spring-webmvc-5.9.0.jar;C:\Users\GangaRajuUdimudi\.m2\repository\io\zipkin\brave\brave-instrumentation-servlet\5.9.0\brave-instrumentation-servlet-5.9.0.jar;C:\Users\GangaRajuUdimudi\.m2\repository\io\zipkin\brave\brave-instrumentation-jms\5.9.0\brave-instrumentation-jms-5.9.0.jar;C:\Users\GangaRajuUdimudi\.m2\repository\io\zipkin\reporter2\zipkin-reporter-metrics-micrometer\2.11.0\zipkin-reporter-metrics-micrometer-2.11.0.jar;C:\Users\GangaRajuUdimudi\.m2\repository\org\springframework\cloud\spring-cloud-sleuth-zipkin\2.2.0.RC2\spring-cloud-sleuth-zipkin-2.2.0.RC2.jar;C:\Users\GangaRajuUdimudi\.m2\repository\org\springframework\cloud\spring-cloud-commons\2.2.0.RC2\spring-cloud-commons-2.2.0.RC2.jar;C:\Users\GangaRajuUdimudi\.m2\repository\org\springframework\security\spring-security-crypto\5.2.1.RELEASE\spring-security-crypto-5.2.1.RELEASE.jar;C:\Users\GangaRajuUdimudi\.m2\repository\io\zipkin\zipkin2\zipkin\2.19.0\zipkin-2.19.0.jar;C:\Users\GangaRajuUdimudi\.m2\repository\io\zipkin\reporter2\zipkin-reporter\2.11.0\zipkin-reporter-2.11.0.jar;C:\Users\GangaRajuUdimudi\.m2\repository\io\zipkin\reporter2\zipkin-sender-kafka\2.11.0\zipkin-sender-kafka-2.11.0.jar;C:\Users\GangaRajuUdimudi\.m2\repository\io\zipkin\reporter2\zipkin-sender-activemq-client\2.11.0\zipkin-sender-activemq-client-2.11.0.jar;C:\Users\GangaRajuUdimudi\.m2\repository\io\zipkin\reporter2\zipkin-sender-amqp-client\2.11.0\zipkin-sender-amqp-client-2.11.0.jar;C:\Users\GangaRajuUdimudi\.m2\repository\org\springframework\cloud\spring-cloud-starter-bus-amqp\2.2.0.RC2\spring-cloud-starter-bus-amqp-2.2.0.RC2.jar;C:\Users\GangaRajuUdimudi\.m2\repository\org\springframework\cloud\spring-cloud-starter-stream-rabbit\3.0.0.RC2\spring-cloud-starter-stream-rabbit-3.0.0.RC2.jar;C:\Users\GangaRajuUdimudi\.m2\repository\org\springframework\cloud\spring-cloud-stream-binder-rabbit\3.0.0.RC2\spring-cloud-stream-binder-rabbit-3.0.0.RC2.jar;C:\Users\GangaRajuUdimudi\.m2\repository\org\springframework\cloud\spring-cloud-stream-binder-rabbit-core\3.0.0.RC2\spring-cloud-stream-binder-rabbit-core-3.0.0.RC2.jar;C:\Users\GangaRajuUdimudi\.m2\repository\org\springframework\integration\spring-integration-amqp\5.2.1.RELEASE\spring-integration-amqp-5.2.1.RELEASE.jar;C:\Users\GangaRajuUdimudi\.m2\repository\com\rabbitmq\http-client\2.1.0.RELEASE\http-client-2.1.0.RELEASE.jar;C:\Users\GangaRajuUdimudi\.m2\repository\org\springframework\boot\spring-boot-starter-amqp\2.2.1.RELEASE\spring-boot-starter-amqp-2.2.1.RELEASE.jar;C:\Users\GangaRajuUdimudi\.m2\repository\org\springframework\amqp\spring-rabbit\2.2.1.RELEASE\spring-rabbit-2.2.1.RELEASE.jar;C:\Users\GangaRajuUdimudi\.m2\repository\com\rabbitmq\amqp-client\5.7.3\amqp-client-5.7.3.jar;C:\Users\GangaRajuUdimudi\.m2\repository\org\springframework\amqp\spring-amqp\2.2.1.RELEASE\spring-amqp-2.2.1.RELEASE.jar;C:\Users\GangaRajuUdimudi\.m2\repository\org\springframework\integration\spring-integration-jmx\5.2.1.RELEASE\spring-integration-jmx-5.2.1.RELEASE.jar;C:\Users\GangaRajuUdimudi\.m2\repository\org\springframework\cloud\spring-cloud-bus\2.2.0.RC2\spring-cloud-bus-2.2.0.RC2.jar;C:\Users\GangaRajuUdimudi\.m2\repository\org\springframework\cloud\spring-cloud-stream\3.0.0.RC2\spring-cloud-stream-3.0.0.RC2.jar;C:\Users\GangaRajuUdimudi\.m2\repository\org\springframework\spring-messaging\5.2.1.RELEASE\spring-messaging-5.2.1.RELEASE.jar;C:\Users\GangaRajuUdimudi\.m2\repository\org\springframework\retry\spring-retry\1.2.4.RELEASE\spring-retry-1.2.4.RELEASE.jar;C:\Users\GangaRajuUdimudi\.m2\repository\org\springframework\cloud\spring-cloud-function-context\3.0.0.RC2\spring-cloud-function-context-3.0.0.RC2.jar;C:\Users\GangaRajuUdimudi\.m2\repository\org\springframework\cloud\spring-cloud-function-core\3.0.0.RC2\spring-cloud-function-core-3.0.0.RC2.jar;C:\Users\GangaRajuUdimudi\.m2\repository\org\springframework\integration\spring-integration-core\5.2.1.RELEASE\spring-integration-core-5.2.1.RELEASE.jar;C:\Users\GangaRajuUdimudi\.m2\repository\org\springframework\cloud\spring-cloud-starter-hystrix\1.4.7.RELEASE\spring-cloud-starter-hystrix-1.4.7.RELEASE.jar;C:\Users\GangaRajuUdimudi\.m2\repository\org\springframework\cloud\spring-cloud-starter-netflix-hystrix\2.2.0.RC2\spring-cloud-starter-netflix-hystrix-2.2.0.RC2.jar;C:\Users\GangaRajuUdimudi\.m2\repository\com\netflix\hystrix\hystrix-core\1.5.18\hystrix-core-1.5.18.jar;C:\Users\GangaRajuUdimudi\.m2\repository\com\netflix\hystrix\hystrix-serialization\1.5.18\hystrix-serialization-1.5.18.jar;C:\Users\GangaRajuUdimudi\.m2\repository\com\fasterxml\jackson\module\jackson-module-afterburner\2.10.0\jackson-module-afterburner-2.10.0.jar;C:\Users\GangaRajuUdimudi\.m2\repository\com\netflix\hystrix\hystrix-metrics-event-stream\1.5.18\hystrix-metrics-event-stream-1.5.18.jar;C:\Users\GangaRajuUdimudi\.m2\repository\com\netflix\hystrix\hystrix-javanica\1.5.18\hystrix-javanica-1.5.18.jar;C:\Users\GangaRajuUdimudi\.m2\repository\org\apache\commons\commons-lang3\3.9\commons-lang3-3.9.jar;C:\Users\GangaRajuUdimudi\.m2\repository\org\ow2\asm\asm\5.0.4\asm-5.0.4.jar;C:\Users\GangaRajuUdimudi\.m2\repository\io\reactivex\rxjava-reactive-streams\1.2.1\rxjava-reactive-streams-1.2.1.jar;C:\Users\GangaRajuUdimudi\.m2\repository\org\reactivestreams\reactive-streams\1.0.3\reactive-streams-1.0.3.jar;C:\Users\GangaRajuUdimudi\.m2\repository\org\springframework\cloud\spring-cloud-starter-hystrix-dashboard\1.4.7.RELEASE\spring-cloud-starter-hystrix-dashboard-1.4.7.RELEASE.jar;C:\Users\GangaRajuUdimudi\.m2\repository\org\springframework\cloud\spring-cloud-starter-netflix-hystrix-dashboard\2.2.0.RC2\spring-cloud-starter-netflix-hystrix-dashboard-2.2.0.RC2.jar;C:\Users\GangaRajuUdimudi\.m2\repository\org\springframework\cloud\spring-cloud-netflix-hystrix-dashboard\2.2.0.RC2\spring-cloud-netflix-hystrix-dashboard-2.2.0.RC2.jar;C:\Users\GangaRajuUdimudi\.m2\repository\org\springframework\boot\spring-boot-starter-freemarker\2.2.1.RELEASE\spring-boot-starter-freemarker-2.2.1.RELEASE.jar;C:\Users\GangaRajuUdimudi\.m2\repository\org\freemarker\freemarker\2.3.29\freemarker-2.3.29.jar;C:\Users\GangaRajuUdimudi\.m2\repository\org\webjars\jquery\2.1.1\jquery-2.1.1.jar;C:\Users\GangaRajuUdimudi\.m2\repository\org\webjars\d3js\3.4.11\d3js-3.4.11.jar;C:\Users\GangaRajuUdimudi\.m2\repository\org\springframework\boot\spring-boot-starter-data-jpa\2.2.1.RELEASE\spring-boot-starter-data-jpa-2.2.1.RELEASE.jar;C:\Users\GangaRajuUdimudi\.m2\repository\org\springframework\boot\spring-boot-starter-jdbc\2.2.1.RELEASE\spring-boot-starter-jdbc-2.2.1.RELEASE.jar;C:\Users\GangaRajuUdimudi\.m2\repository\com\zaxxer\HikariCP\3.4.1\HikariCP-3.4.1.jar;C:\Users\GangaRajuUdimudi\.m2\repository\org\springframework\spring-jdbc\5.2.1.RELEASE\spring-jdbc-5.2.1.RELEASE.jar;C:\Users\GangaRajuUdimudi\.m2\repository\jakarta\activation\jakarta.activation-api\1.2.1\jakarta.activation-api-1.2.1.jar;C:\Users\GangaRajuUdimudi\.m2\repository\jakarta\persistence\jakarta.persistence-api\2.2.3\jakarta.persistence-api-2.2.3.jar;C:\Users\GangaRajuUdimudi\.m2\repository\jakarta\transaction\jakarta.transaction-api\1.3.3\jakarta.transaction-api-1.3.3.jar;C:\Users\GangaRajuUdimudi\.m2\repository\org\hibernate\hibernate-core\5.4.8.Final\hibernate-core-5.4.8.Final.jar;C:\Users\GangaRajuUdimudi\.m2\repository\org\jboss\logging\jboss-logging\3.4.1.Final\jboss-logging-3.4.1.Final.jar;C:\Users\GangaRajuUdimudi\.m2\repository\org\javassist\javassist\3.24.0-GA\javassist-3.24.0-GA.jar;C:\Users\GangaRajuUdimudi\.m2\repository\net\bytebuddy\byte-buddy\1.10.2\byte-buddy-1.10.2.jar;C:\Users\GangaRajuUdimudi\.m2\repository\antlr\antlr\2.7.7\antlr-2.7.7.jar;C:\Users\GangaRajuUdimudi\.m2\repository\org\jboss\jandex\2.0.5.Final\jandex-2.0.5.Final.jar;C:\Users\GangaRajuUdimudi\.m2\repository\com\fasterxml\classmate\1.5.1\classmate-1.5.1.jar;C:\Users\GangaRajuUdimudi\.m2\repository\org\dom4j\dom4j\2.1.1\dom4j-2.1.1.jar;C:\Users\GangaRajuUdimudi\.m2\repository\org\hibernate\common\hibernate-commons-annotations\5.1.0.Final\hibernate-commons-annotations-5.1.0.Final.jar;C:\Users\GangaRajuUdimudi\.m2\repository\org\glassfish\jaxb\jaxb-runtime\2.3.2\jaxb-runtime-2.3.2.jar;C:\Users\GangaRajuUdimudi\.m2\repository\org\glassfish\jaxb\txw2\2.3.2\txw2-2.3.2.jar;C:\Users\GangaRajuUdimudi\.m2\repository\com\sun\istack\istack-commons-runtime\3.0.8\istack-commons-runtime-3.0.8.jar;C:\Users\GangaRajuUdimudi\.m2\repository\org\jvnet\staxex\stax-ex\1.8.1\stax-ex-1.8.1.jar;C:\Users\GangaRajuUdimudi\.m2\repository\com\sun\xml\fastinfoset\FastInfoset\1.2.16\FastInfoset-1.2.16.jar;C:\Users\GangaRajuUdimudi\.m2\repository\org\springframework\data\spring-data-jpa\2.2.1.RELEASE\spring-data-jpa-2.2.1.RELEASE.jar;C:\Users\GangaRajuUdimudi\.m2\repository\org\springframework\data\spring-data-commons\2.2.1.RELEASE\spring-data-commons-2.2.1.RELEASE.jar;C:\Users\GangaRajuUdimudi\.m2\repository\org\springframework\spring-orm\5.2.1.RELEASE\spring-orm-5.2.1.RELEASE.jar;C:\Users\GangaRajuUdimudi\.m2\repository\org\springframework\spring-tx\5.2.1.RELEASE\spring-tx-5.2.1.RELEASE.jar;C:\Users\GangaRajuUdimudi\.m2\repository\org\springframework\spring-aspects\5.2.1.RELEASE\spring-aspects-5.2.1.RELEASE.jar;C:\Users\GangaRajuUdimudi\.m2\repository\com\h2database\h2\1.4.200\h2-1.4.200.jar;C:\Users\GangaRajuUdimudi\.m2\repository\com\fasterxml\jackson\core\jackson-core\2.10.0\jackson-core-2.10.0.jar;C:\Users\GangaRajuUdimudi\.m2\repository\org\springframework\boot\spring-boot-devtools\2.2.1.RELEASE\spring-boot-devtools-2.2.1.RELEASE.jar;C:\Users\GangaRajuUdimudi\.m2\repository\org\springframework\boot\spring-boot\2.2.1.RELEASE\spring-boot-2.2.1.RELEASE.jar;C:\Users\GangaRajuUdimudi\.m2\repository\org\springframework\boot\spring-boot-autoconfigure\2.2.1.RELEASE\spring-boot-autoconfigure-2.2.1.RELEASE.jar;C:\Users\GangaRajuUdimudi\.m2\repository\org\springframework\boot\spring-boot-starter-test\2.2.1.RELEASE\spring-boot-starter-test-2.2.1.RELEASE.jar;C:\Users\GangaRajuUdimudi\.m2\repository\org\springframework\boot\spring-boot-test\2.2.1.RELEASE\spring-boot-test-2.2.1.RELEASE.jar;C:\Users\GangaRajuUdimudi\.m2\repository\org\springframework\boot\spring-boot-test-autoconfigure\2.2.1.RELEASE\spring-boot-test-autoconfigure-2.2.1.RELEASE.jar;C:\Users\GangaRajuUdimudi\.m2\repository\com\jayway\jsonpath\json-path\2.4.0\json-path-2.4.0.jar;C:\Users\GangaRajuUdimudi\.m2\repository\net\minidev\json-smart\2.3\json-smart-2.3.jar;C:\Users\GangaRajuUdimudi\.m2\repository\net\minidev\accessors-smart\1.2\accessors-smart-1.2.jar;C:\Users\GangaRajuUdimudi\.m2\repository\jakarta\xml\bind\jakarta.xml.bind-api\2.3.2\jakarta.xml.bind-api-2.3.2.jar;C:\Users\GangaRajuUdimudi\.m2\repository\org\junit\jupiter\junit-jupiter\5.5.2\junit-jupiter-5.5.2.jar;C:\Users\GangaRajuUdimudi\.m2\repository\org\junit\jupiter\junit-jupiter-api\5.5.2\junit-jupiter-api-5.5.2.jar;C:\Users\GangaRajuUdimudi\.m2\repository\org\apiguardian\apiguardian-api\1.1.0\apiguardian-api-1.1.0.jar;C:\Users\GangaRajuUdimudi\.m2\repository\org\opentest4j\opentest4j\1.2.0\opentest4j-1.2.0.jar;C:\Users\GangaRajuUdimudi\.m2\repository\org\junit\platform\junit-platform-commons\1.5.2\junit-platform-commons-1.5.2.jar;C:\Users\GangaRajuUdimudi\.m2\repository\org\junit\jupiter\junit-jupiter-params\5.5.2\junit-jupiter-params-5.5.2.jar;C:\Users\GangaRajuUdimudi\.m2\repository\org\junit\jupiter\junit-jupiter-engine\5.5.2\junit-jupiter-engine-5.5.2.jar;C:\Users\GangaRajuUdimudi\.m2\repository\org\junit\platform\junit-platform-engine\1.5.2\junit-platform-engine-1.5.2.jar;C:\Users\GangaRajuUdimudi\.m2\repository\org\mockito\mockito-junit-jupiter\3.1.0\mockito-junit-jupiter-3.1.0.jar;C:\Users\GangaRajuUdimudi\.m2\repository\org\assertj\assertj-core\3.13.2\assertj-core-3.13.2.jar;C:\Users\GangaRajuUdimudi\.m2\repository\org\hamcrest\hamcrest\2.1\hamcrest-2.1.jar;C:\Users\GangaRajuUdimudi\.m2\repository\org\mockito\mockito-core\3.1.0\mockito-core-3.1.0.jar;C:\Users\GangaRajuUdimudi\.m2\repository\net\bytebuddy\byte-buddy-agent\1.10.2\byte-buddy-agent-1.10.2.jar;C:\Users\GangaRajuUdimudi\.m2\repository\org\objenesis\objenesis\2.6\objenesis-2.6.jar;C:\Users\GangaRajuUdimudi\.m2\repository\org\skyscreamer\jsonassert\1.5.0\jsonassert-1.5.0.jar;C:\Users\GangaRajuUdimudi\.m2\repository\com\vaadin\external\google\android-json\0.0.20131108.vaadin1\android-json-0.0.20131108.vaadin1.jar;C:\Users\GangaRajuUdimudi\.m2\repository\org\springframework\spring-core\5.2.1.RELEASE\spring-core-5.2.1.RELEASE.jar;C:\Users\GangaRajuUdimudi\.m2\repository\org\springframework\spring-jcl\5.2.1.RELEASE\spring-jcl-5.2.1.RELEASE.jar;C:\Users\GangaRajuUdimudi\.m2\repository\org\springframework\spring-test\5.2.1.RELEASE\spring-test-5.2.1.RELEASE.jar;C:\Users\GangaRajuUdimudi\.m2\repository\org\xmlunit\xmlunit-core\2.6.3\xmlunit-core-2.6.3.jar;"/>
    <property name="sun.cpu.endian" value="little"/>
    <property name="user.home" value="C:\Users\GangaRajuUdimudi"/>
    <property name="user.language" value="en"/>
    <property name="java.specification.vendor" value="Oracle Corporation"/>
    <property name="java.home" value="C:\Program Files\Java\jdk1.8.0_171\jre"/>
    <property name="basedir" value="C:\Microservice_Workspace\currency-exchange-service"/>
    <property name="style.color" value="always"/>
    <property name="file.separator" value="\"/>
    <property name="line.separator" value="&#10;"/>
    <property name="java.vm.specification.vendor" value="Oracle Corporation"/>
    <property name="java.specification.name" value="Java Platform API Specification"/>
    <property name="java.awt.graphicsenv" value="sun.awt.Win32GraphicsEnvironment"/>
    <property name="surefire.real.class.path" value="C:\Users\GANGAR~1\AppData\Local\Temp\surefire1264454559236143847\surefirebooter1710535910944341969.jar"/>
    <property name="sun.boot.class.path" value="C:\Program Files\Java\jdk1.8.0_171\jre\lib\resources.jar;C:\Program Files\Java\jdk1.8.0_171\jre\lib\rt.jar;C:\Program Files\Java\jdk1.8.0_171\jre\lib\sunrsasign.jar;C:\Program Files\Java\jdk1.8.0_171\jre\lib\jsse.jar;C:\Program Files\Java\jdk1.8.0_171\jre\lib\jce.jar;C:\Program Files\Java\jdk1.8.0_171\jre\lib\charsets.jar;C:\Program Files\Java\jdk1.8.0_171\jre\lib\jfr.jar;C:\Program Files\Java\jdk1.8.0_171\jre\classes"/>
    <property name="user.script" value=""/>
    <property name="sun.management.compiler" value="HotSpot 64-Bit Tiered Compilers"/>
    <property name="java.runtime.version" value="1.8.0_171-b11"/>
    <property name="user.name" value="GangaRajuUdimudi"/>
    <property name="path.separator" value=";"/>
    <property name="os.version" value="10.0"/>
    <property name="java.endorsed.dirs" value="C:\Program Files\Java\jdk1.8.0_171\jre\lib\endorsed"/>
    <property name="java.runtime.name" value="Java(TM) SE Runtime Environment"/>
    <property name="file.encoding" value="Cp1252"/>
    <property name="java.vm.name" value="Java HotSpot(TM) 64-Bit Server VM"/>
    <property name="localRepository" value="C:\Users\GangaRajuUdimudi\.m2\repository"/>
    <property name="java.vendor.url.bug" value="http://bugreport.sun.com/bugreport/"/>
    <property name="java.io.tmpdir" value="C:\Users\GANGAR~1\AppData\Local\Temp\"/>
    <property name="java.version" value="1.8.0_171"/>
    <property name="user.dir" value="C:\Microservice_Workspace\currency-exchange-service"/>
    <property name="os.arch" value="amd64"/>
    <property name="java.vm.specification.name" value="Java Virtual Machine Specification"/>
    <property name="java.awt.printerjob" value="sun.awt.windows.WPrinterJob"/>
    <property name="sun.os.patch.level" value=""/>
    <property name="java.library.path" value="C:\Program Files\Java\jdk1.8.0_171\jre\bin;C:\WINDOWS\Sun\Java\bin;C:\WINDOWS\system32;C:\WINDOWS;C:/Program Files/Java/jre1.8.0_221/bin/server;C:/Program Files/Java/jre1.8.0_221/bin;C:/Program Files/Java/jre1.8.0_221/lib/amd64;C:\ProgramData\DockerDesktop\version-bin;C:\Program Files\Docker\Docker\Resources\bin;C:\Program Files (x86)\RSA SecurID Token Common;C:\Program Files\RSA SecurID Token Common;C:\Program Files (x86)\Common Files\Oracle\Java\javapath;C:\ProgramData\Oracle\Java\javapath;C:\Windows\System32;C:\Windows;C:\Windows\System32\wbem;C:\Windows\System32\WindowsPowerShell\v1.0\;C:\Windows\System32\OpenSSH\;C:\Program Files\Java\jdk1.8.0_171\bin;C:\Program Files\Git\cmd;C:\Program Files\PostgreSQL\9.5\bin;C:\ProgramData\WebEx\WebEx\Applications;C:\Program Files (x86)\GnuPG\bin;C:\Program Files (x86)\WebEx\Webex\Applications;C:\Program Files\nodejs\;C:\Program Files (x86)\Intel\Intel(R) Management Engine Components\DAL;C:\Program Files\Intel\Intel(R) Management Engine Components\DAL;C:\Program Files\Intel\WiFi\bin\;C:\Program Files\Common Files\Intel\WirelessCommon\;C:\Users\GangaRajuUdimudi\.windows-build-tools\python27\;C:\Program Files\nodejs\node_modules\npm\node_modules\npm-lifecycle\node-gyp-bin;C:\Users\GangaRajuUdimudi\AppData\Roaming\npm\node_modules\windows-build-tools\node_modules\.bin;C:\Users\GangaRajuUdimudi\AppData\Roaming\npm\node_modules\.bin;C:\Program Files (x86)\RSA SecurID Token Common;C:\Program Files\RSA SecurID Token Common;C:\Program Files (x86)\Common Files\Oracle\Java\javapath;C:\ProgramData\Oracle\Java\javapath;C:\Windows\System32;C:\Windows;C:\Windows\System32\wbem;C:\Windows\System32\WindowsPowerShell\v1.0\;C:\Windows\System32\OpenSSH\;C:\Program Files\Java\jdk1.8.0_171\bin;C:\Program Files\Git\cmd;C:\Program Files\PostgreSQL\9.5\bin;C:\ProgramData\WebEx\WebEx\Applications;C:\Program Files (x86)\GnuPG\bin;C:\Program Files (x86)\WebEx\Webex\Applications;C:\Program Files\nodejs\;C:\Program Files\RSA SecurID Token Common\;C:\Users\GangaRajuUdimudi\AppData\Local\Microsoft\WindowsApps;C:\Users\GangaRajuUdimudi\AppData\Roaming\npm;C:\Program Files\Intel\WiFi\bin\;C:\Program Files\Common Files\Intel\WirelessCommon\;C:\Users\GangaRajuUdimudi\Downloads\Microservices_Training\spring-tool-suite-3.9.10.RELEASE-e4.13.0-win32-x86_64\sts-bundle\sts-3.9.10.RELEASE;;."/>
    <property name="java.vm.info" value="mixed mode"/>
    <property name="java.vendor" value="Oracle Corporation"/>
    <property name="java.vm.version" value="25.171-b11"/>
    <property name="java.ext.dirs" value="C:\Program Files\Java\jdk1.8.0_171\jre\lib\ext;C:\WINDOWS\Sun\Java\lib\ext"/>
    <property name="sun.io.unicode.encoding" value="UnicodeLittle"/>
    <property name="java.class.version" value="52.0"/>
  </properties>
  <testcase name="contextLoads" classname="com.ibm.upskill.microcervices.currencyexchangeservice.CurrencyExchangeServiceApplicationTests" time="0.213"/>
</testsuite>